# JRE version: OpenJDK Runtime Environment (11.0.12+7) (build 11.0.12+7-b1504.28-7817840)
# Java VM: OpenJDK 64-Bit Server VM (11.0.12+7-b1504.28-7817840, mixed mode, tiered, compressed oops, g1 gc, windows-amd64)
Heap:
 garbage-first heap   total 78848K, used 43477K [0x00000000a0000000, 0x0000000100000000)
  region size 1024K, 2 young (2048K), 2 survivors (2048K)
 Metaspace       used 55918K, capacity 57392K, committed 57472K, reserved 1099776K
  class space    used 7019K, capacity 7502K, committed 7552K, reserved 1048576K
GC Heap History (20 events):
Event: 144.157 GC heap before
{Heap before GC invocations=17 (full 0):
 garbage-first heap   total 65536K, used 44955K [0x00000000a0000000, 0x0000000100000000)
  region size 1024K, 18 young (18432K), 2 survivors (2048K)
 Metaspace       used 46553K, capacity 47722K, committed 47872K, reserved 1091584K
  class space    used 5943K, capacity 6375K, committed 6400K, reserved 1048576K
}
Event: 144.534 GC heap after
{Heap after GC invocations=18 (full 0):
 garbage-first heap   total 65536K, used 31662K [0x00000000a0000000, 0x0000000100000000)
  region size 1024K, 2 young (2048K), 2 survivors (2048K)
 Metaspace       used 46553K, capacity 47722K, committed 47872K, reserved 1091584K
  class space    used 5943K, capacity 6375K, committed 6400K, reserved 1048576K
}
Event: 145.489 GC heap before
{Heap before GC invocations=19 (full 0):
 garbage-first heap   total 65536K, used 32686K [0x00000000a0000000, 0x0000000100000000)
  region size 1024K, 3 young (3072K), 2 survivors (2048K)
 Metaspace       used 46553K, capacity 47722K, committed 47872K, reserved 1091584K
  class space    used 5943K, capacity 6375K, committed 6400K, reserved 1048576K
}
Event: 145.497 GC heap after
{Heap after GC invocations=20 (full 0):
 garbage-first heap   total 65536K, used 34071K [0x00000000a0000000, 0x0000000100000000)
  region size 1024K, 3 young (3072K), 3 survivors (3072K)
 Metaspace       used 46553K, capacity 47722K, committed 47872K, reserved 1091584K
  class space    used 5943K, capacity 6375K, committed 6400K, reserved 1048576K
}
Event: 150.060 GC heap before
{Heap before GC invocations=21 (full 0):
 garbage-first heap   total 65536K, used 38167K [0x00000000a0000000, 0x0000000100000000)
  region size 1024K, 8 young (8192K), 3 survivors (3072K)
 Metaspace       used 46570K, capacity 47722K, committed 47872K, reserved 1091584K
  class space    used 5943K, capacity 6375K, committed 6400K, reserved 1048576K
}
Event: 150.303 GC heap after
{Heap after GC invocations=22 (full 0):
 garbage-first heap   total 65536K, used 38055K [0x00000000a0000000, 0x0000000100000000)
  region size 1024K, 2 young (2048K), 2 survivors (2048K)
 Metaspace       used 46570K, capacity 47722K, committed 47872K, reserved 1091584K
  class space    used 5943K, capacity 6375K, committed 6400K, reserved 1048576K
}
Event: 153.105 GC heap before
{Heap before GC invocations=23 (full 0):
 garbage-first heap   total 65536K, used 49319K [0x00000000a0000000, 0x0000000100000000)
  region size 1024K, 11 young (11264K), 2 survivors (2048K)
 Metaspace       used 46712K, capacity 47992K, committed 48128K, reserved 1091584K
  class space    used 5962K, capacity 6381K, committed 6400K, reserved 1048576K
}
Event: 153.107 GC heap after
{Heap after GC invocations=24 (full 0):
 garbage-first heap   total 65536K, used 40980K [0x00000000a0000000, 0x0000000100000000)
  region size 1024K, 2 young (2048K), 2 survivors (2048K)
 Metaspace       used 46712K, capacity 47992K, committed 48128K, reserved 1091584K
  class space    used 5962K, capacity 6381K, committed 6400K, reserved 1048576K
}
Event: 157.155 GC heap before
{Heap before GC invocations=24 (full 0):
 garbage-first heap   total 65536K, used 49172K [0x00000000a0000000, 0x0000000100000000)
  region size 1024K, 10 young (10240K), 2 survivors (2048K)
 Metaspace       used 47291K, capacity 48614K, committed 48768K, reserved 1091584K
  class space    used 6048K, capacity 6502K, committed 6528K, reserved 1048576K
}
Event: 157.159 GC heap after
{Heap after GC invocations=25 (full 0):
 garbage-first heap   total 65536K, used 41366K [0x00000000a0000000, 0x0000000100000000)
  region size 1024K, 1 young (1024K), 1 survivors (1024K)
 Metaspace       used 47291K, capacity 48614K, committed 48768K, reserved 1091584K
  class space    used 6048K, capacity 6502K, committed 6528K, reserved 1048576K
}
Event: 158.978 GC heap before
{Heap before GC invocations=26 (full 0):
 garbage-first heap   total 65536K, used 48534K [0x00000000a0000000, 0x0000000100000000)
  region size 1024K, 9 young (9216K), 1 survivors (1024K)
 Metaspace       used 48203K, capacity 49450K, committed 49664K, reserved 1091584K
  class space    used 6148K, capacity 6610K, committed 6656K, reserved 1048576K
}
Event: 158.982 GC heap after
{Heap after GC invocations=27 (full 0):
 garbage-first heap   total 65536K, used 41526K [0x00000000a0000000, 0x0000000100000000)
  region size 1024K, 1 young (1024K), 1 survivors (1024K)
 Metaspace       used 48203K, capacity 49450K, committed 49664K, reserved 1091584K
  class space    used 6148K, capacity 6610K, committed 6656K, reserved 1048576K
}
Event: 159.846 GC heap before
{Heap before GC invocations=27 (full 0):
 garbage-first heap   total 65536K, used 50742K [0x00000000a0000000, 0x0000000100000000)
  region size 1024K, 10 young (10240K), 1 survivors (1024K)
 Metaspace       used 49278K, capacity 50638K, committed 50816K, reserved 1093632K
  class space    used 6270K, capacity 6749K, committed 6784K, reserved 1048576K
}
Event: 159.854 GC heap after
{Heap after GC invocations=28 (full 0):
 garbage-first heap   total 65536K, used 41764K [0x00000000a0000000, 0x0000000100000000)
  region size 1024K, 1 young (1024K), 1 survivors (1024K)
 Metaspace       used 49278K, capacity 50638K, committed 50816K, reserved 1093632K
  class space    used 6270K, capacity 6749K, committed 6784K, reserved 1048576K
}
Event: 160.790 GC heap before
{Heap before GC invocations=29 (full 0):
 garbage-first heap   total 65536K, used 50980K [0x00000000a0000000, 0x0000000100000000)
  region size 1024K, 10 young (10240K), 1 survivors (1024K)
 Metaspace       used 50405K, capacity 51744K, committed 51968K, reserved 1093632K
  class space    used 6407K, capacity 6884K, committed 6912K, reserved 1048576K
}
Event: 160.797 GC heap after
{Heap after GC invocations=30 (full 0):
 garbage-first heap   total 65536K, used 42228K [0x00000000a0000000, 0x0000000100000000)
  region size 1024K, 2 young (2048K), 2 survivors (2048K)
 Metaspace       used 50405K, capacity 51744K, committed 51968K, reserved 1093632K
  class space    used 6407K, capacity 6884K, committed 6912K, reserved 1048576K
}
Event: 161.768 GC heap before
{Heap before GC invocations=30 (full 0):
 garbage-first heap   total 65536K, used 51444K [0x00000000a0000000, 0x0000000100000000)
  region size 1024K, 11 young (11264K), 2 survivors (2048K)
 Metaspace       used 51645K, capacity 53088K, committed 53248K, reserved 1095680K
  class space    used 6581K, capacity 7076K, committed 7168K, reserved 1048576K
}
Event: 161.776 GC heap after
{Heap after GC invocations=31 (full 0):
 garbage-first heap   total 65536K, used 42731K [0x00000000a0000000, 0x0000000100000000)
  region size 1024K, 2 young (2048K), 2 survivors (2048K)
 Metaspace       used 51645K, capacity 53088K, committed 53248K, reserved 1095680K
  class space    used 6581K, capacity 7076K, committed 7168K, reserved 1048576K
}
Event: 162.743 GC heap before
{Heap before GC invocations=32 (full 0):
 garbage-first heap   total 65536K, used 51947K [0x00000000a0000000, 0x0000000100000000)
  region size 1024K, 11 young (11264K), 2 survivors (2048K)
 Metaspace       used 52910K, capacity 54284K, committed 54400K, reserved 1095680K
  class space    used 6707K, capacity 7218K, committed 7296K, reserved 1048576K
}
Event: 162.750 GC heap after
{Heap after GC invocations=33 (full 0):
 garbage-first heap   total 65536K, used 42789K [0x00000000a0000000, 0x0000000100000000)
  region size 1024K, 2 young (2048K), 2 survivors (2048K)
 Metaspace       used 52910K, capacity 54284K, committed 54400K, reserved 1095680K
  class space    used 6707K, capacity 7218K, committed 7296K, reserved 1048576K
}

